Mon Oct 31 12:14:54 UTC 2022
               total        used        free      shared  buff/cache   available
Mem:           975Mi       458Mi       161Mi       2.0Mi       355Mi       367Mi
Swap:             0B          0B          0B
-------
Mon Oct 31 13:12:21 UTC 2022
               total        used        free      shared  buff/cache   available
Mem:           975Mi       458Mi       160Mi       2.0Mi       356Mi       368Mi
Swap:             0B          0B          0B
-------
Mon Oct 31 13:13:25 UTC 2022
               total        used        free      shared  buff/cache   available
Mem:           975Mi       458Mi       160Mi       2.0Mi       356Mi       367Mi
Swap:             0B          0B          0B
-------
Mon Oct 31 13:37:34 UTC 2022
               total        used        free      shared  buff/cache   available
Mem:           975Mi       458Mi       160Mi       2.0Mi       356Mi       367Mi
Swap:             0B          0B          0B
-------
Mon Oct 31 14:06:21 UTC 2022
 
Daily logs
 
               total        used        free      shared  buff/cache   available
Mem:          999144      470692      163228        2988      365224      375888
Swap:              0           0           0
 
 
